<?xml version="1.0" encoding="UTF-8"?>
<!-- Generated by org.testng.reporters.JUnitReportReporter -->
<testsuite hostname="LAPTOP-SH6J2811" failures="0" tests="1" name="com.urbanladder.testcases.SearchProduct" time="2.549" errors="0" timestamp="2021-09-24T13:53:06 IST" skipped="0">
  <testcase classname="com.urbanladder.testcases.SearchProduct" name="SearchProduct" time="2.549"/>
  <system-out/>
</testsuite> <!-- com.urbanladder.testcases.SearchProduct -->
